# JRE version: Java(TM) SE Runtime Environment (8.0_271-b09) (build 1.8.0_271-b09)
# Java VM: Java HotSpot(TM) 64-Bit Server VM (25.271-b09 mixed mode windows-amd64 compressed oops)
Heap:
 PSYoungGen      total 16384K, used 6884K [0x00000000f5b80000, 0x00000000f7e80000, 0x0000000100000000)
  eden space 15360K, 38% used [0x00000000f5b80000,0x00000000f6139320,0x00000000f6a80000)
  from space 1024K, 100% used [0x00000000f6a80000,0x00000000f6b80000,0x00000000f6b80000)
  to   space 4608K, 0% used [0x00000000f7a00000,0x00000000f7a00000,0x00000000f7e80000)
 ParOldGen       total 27136K, used 10332K [0x00000000e1200000, 0x00000000e2c80000, 0x00000000f5b80000)
  object space 27136K, 38% used [0x00000000e1200000,0x00000000e1c17100,0x00000000e2c80000)
 Metaspace       used 9650K, capacity 9908K, committed 10240K, reserved 1058816K
  class space    used 1070K, capacity 1166K, committed 1280K, reserved 1048576K
GC Heap History (10 events):
Event: 2.208 GC heap before
{Heap before GC invocations=2 (full 0):
 PSYoungGen      total 9728K, used 9424K [0x00000000f5b80000, 0x00000000f6600000, 0x0000000100000000)
  eden space 8704K, 100% used [0x00000000f5b80000,0x00000000f6400000,0x00000000f6400000)
  from space 1024K, 70% used [0x00000000f6400000,0x00000000f64b4010,0x00000000f6500000)
  to   space 1024K, 0% used [0x00000000f6500000,0x00000000f6500000,0x00000000f6600000)
 ParOldGen       total 22016K, used 4883K [0x00000000e1200000, 0x00000000e2780000, 0x00000000f5b80000)
  object space 22016K, 22% used [0x00000000e1200000,0x00000000e16c4c90,0x00000000e2780000)
 Metaspace       used 4866K, capacity 4982K, committed 5248K, reserved 1056768K
  class space    used 552K, capacity 600K, committed 640K, reserved 1048576K
Event: 2.225 GC heap after
Heap after GC invocations=2 (full 0):
 PSYoungGen      total 9728K, used 672K [0x00000000f5b80000, 0x00000000f6e80000, 0x0000000100000000)
  eden space 8704K, 0% used [0x00000000f5b80000,0x00000000f5b80000,0x00000000f6400000)
  from space 1024K, 65% used [0x00000000f6500000,0x00000000f65a8020,0x00000000f6600000)
  to   space 1024K, 0% used [0x00000000f6400000,0x00000000f6400000,0x00000000f6500000)
 ParOldGen       total 22016K, used 14745K [0x00000000e1200000, 0x00000000e2780000, 0x00000000f5b80000)
  object space 22016K, 66% used [0x00000000e1200000,0x00000000e2066578,0x00000000e2780000)
 Metaspace       used 4866K, capacity 4982K, committed 5248K, reserved 1056768K
  class space    used 552K, capacity 600K, committed 640K, reserved 1048576K
}
Event: 2.226 GC heap before
{Heap before GC invocations=3 (full 1):
 PSYoungGen      total 9728K, used 672K [0x00000000f5b80000, 0x00000000f6e80000, 0x0000000100000000)
  eden space 8704K, 0% used [0x00000000f5b80000,0x00000000f5b80000,0x00000000f6400000)
  from space 1024K, 65% used [0x00000000f6500000,0x00000000f65a8020,0x00000000f6600000)
  to   space 1024K, 0% used [0x00000000f6400000,0x00000000f6400000,0x00000000f6500000)
 ParOldGen       total 22016K, used 14745K [0x00000000e1200000, 0x00000000e2780000, 0x00000000f5b80000)
  object space 22016K, 66% used [0x00000000e1200000,0x00000000e2066578,0x00000000e2780000)
 Metaspace       used 4866K, capacity 4982K, committed 5248K, reserved 1056768K
  class space    used 552K, capacity 600K, committed 640K, reserved 1048576K
Event: 2.251 GC heap after
Heap after GC invocations=3 (full 1):
 PSYoungGen      total 9728K, used 0K [0x00000000f5b80000, 0x00000000f6e80000, 0x0000000100000000)
  eden space 8704K, 0% used [0x00000000f5b80000,0x00000000f5b80000,0x00000000f6400000)
  from space 1024K, 0% used [0x00000000f6500000,0x00000000f6500000,0x00000000f6600000)
  to   space 1024K, 0% used [0x00000000f6400000,0x00000000f6400000,0x00000000f6500000)
 ParOldGen       total 27136K, used 5523K [0x00000000e1200000, 0x00000000e2c80000, 0x00000000f5b80000)
  object space 27136K, 20% used [0x00000000e1200000,0x00000000e1764db8,0x00000000e2c80000)
 Metaspace       used 4866K, capacity 4982K, committed 5248K, reserved 1056768K
  class space    used 552K, capacity 600K, committed 640K, reserved 1048576K
}
Event: 2.337 GC heap before
{Heap before GC invocations=4 (full 1):
 PSYoungGen      total 9728K, used 8704K [0x00000000f5b80000, 0x00000000f6e80000, 0x0000000100000000)
  eden space 8704K, 100% used [0x00000000f5b80000,0x00000000f6400000,0x00000000f6400000)
  from space 1024K, 0% used [0x00000000f6500000,0x00000000f6500000,0x00000000f6600000)
  to   space 1024K, 0% used [0x00000000f6400000,0x00000000f6400000,0x00000000f6500000)
 ParOldGen       total 27136K, used 5523K [0x00000000e1200000, 0x00000000e2c80000, 0x00000000f5b80000)
  object space 27136K, 20% used [0x00000000e1200000,0x00000000e1764db8,0x00000000e2c80000)
 Metaspace       used 4866K, capacity 4982K, committed 5248K, reserved 1056768K
  class space    used 552K, capacity 600K, committed 640K, reserved 1048576K
Event: 2.338 GC heap after
Heap after GC invocations=4 (full 1):
 PSYoungGen      total 9728K, used 0K [0x00000000f5b80000, 0x00000000f6d00000, 0x0000000100000000)
  eden space 8704K, 0% used [0x00000000f5b80000,0x00000000f5b80000,0x00000000f6400000)
  from space 1024K, 0% used [0x00000000f6400000,0x00000000f6400000,0x00000000f6500000)
  to   space 1024K, 0% used [0x00000000f6c00000,0x00000000f6c00000,0x00000000f6d00000)
 ParOldGen       total 27136K, used 5523K [0x00000000e1200000, 0x00000000e2c80000, 0x00000000f5b80000)
  object space 27136K, 20% used [0x00000000e1200000,0x00000000e1764db8,0x00000000e2c80000)
 Metaspace       used 4866K, capacity 4982K, committed 5248K, reserved 1056768K
  class space    used 552K, capacity 600K, committed 640K, reserved 1048576K
}
Event: 2.439 GC heap before
{Heap before GC invocations=5 (full 1):
 PSYoungGen      total 9728K, used 8704K [0x00000000f5b80000, 0x00000000f6d00000, 0x0000000100000000)
  eden space 8704K, 100% used [0x00000000f5b80000,0x00000000f6400000,0x00000000f6400000)
  from space 1024K, 0% used [0x00000000f6400000,0x00000000f6400000,0x00000000f6500000)
  to   space 1024K, 0% used [0x00000000f6c00000,0x00000000f6c00000,0x00000000f6d00000)
 ParOldGen       total 27136K, used 5523K [0x00000000e1200000, 0x00000000e2c80000, 0x00000000f5b80000)
  object space 27136K, 20% used [0x00000000e1200000,0x00000000e1764db8,0x00000000e2c80000)
 Metaspace       used 4866K, capacity 4982K, committed 5248K, reserved 1056768K
  class space    used 552K, capacity 600K, committed 640K, reserved 1048576K
Event: 2.440 GC heap after
Heap after GC invocations=5 (full 1):
 PSYoungGen      total 15872K, used 0K [0x00000000f5b80000, 0x00000000f6c80000, 0x0000000100000000)
  eden space 15360K, 0% used [0x00000000f5b80000,0x00000000f5b80000,0x00000000f6a80000)
  from space 512K, 0% used [0x00000000f6c00000,0x00000000f6c00000,0x00000000f6c80000)
  to   space 1024K, 0% used [0x00000000f6a80000,0x00000000f6a80000,0x00000000f6b80000)
 ParOldGen       total 27136K, used 5523K [0x00000000e1200000, 0x00000000e2c80000, 0x00000000f5b80000)
  object space 27136K, 20% used [0x00000000e1200000,0x00000000e1764db8,0x00000000e2c80000)
 Metaspace       used 4866K, capacity 4982K, committed 5248K, reserved 1056768K
  class space    used 552K, capacity 600K, committed 640K, reserved 1048576K
}
Event: 29.831 GC heap before
{Heap before GC invocations=6 (full 1):
 PSYoungGen      total 15872K, used 15360K [0x00000000f5b80000, 0x00000000f6c80000, 0x0000000100000000)
  eden space 15360K, 100% used [0x00000000f5b80000,0x00000000f6a80000,0x00000000f6a80000)
  from space 512K, 0% used [0x00000000f6c00000,0x00000000f6c00000,0x00000000f6c80000)
  to   space 1024K, 0% used [0x00000000f6a80000,0x00000000f6a80000,0x00000000f6b80000)
 ParOldGen       total 27136K, used 5523K [0x00000000e1200000, 0x00000000e2c80000, 0x00000000f5b80000)
  object space 27136K, 20% used [0x00000000e1200000,0x00000000e1764db8,0x00000000e2c80000)
 Metaspace       used 9570K, capacity 9844K, committed 9984K, reserved 1058816K
  class space    used 1070K, capacity 1166K, committed 1280K, reserved 1048576K
Event: 30.439 GC heap after
Heap after GC invocations=6 (full 1):
 PSYoungGen      total 16384K, used 1024K [0x00000000f5b80000, 0x00000000f7e80000, 0x0000000100000000)
  eden space 15360K, 0% used [0x00000000f5b80000,0x00000000f5b80000,0x00000000f6a80000)
  from space 1024K, 100% used [0x00000000f6a80000,0x00000000f6b80000,0x00000000f6b80000)
  to   space 4608K, 0% used [0x00000000f7a00000,0x00000000f7a00000,0x00000000f7e80000)
 ParOldGen       total 27136K, used 10332K [0x00000000e1200000, 0x00000000e2c80000, 0x00000000f5b80000)
  object space 27136K, 38% used [0x00000000e1200000,0x00000000e1c17100,0x00000000e2c80000)
 Metaspace       used 9570K, capacity 9844K, committed 9984K, reserved 1058816K
  class space    used 1070K, capacity 1166K, committed 1280K, reserved 1048576K
}

